Analysis & Synthesis report for pwm_controller
Mon Dec 23 15:40:14 2024
Quartus Prime Version 20.1.1 Build 720 11/11/2020 SJ Lite Edition


---------------------
; Table of Contents ;
---------------------
  1. Legal Notice
  2. Analysis & Synthesis Summary
  3. Analysis & Synthesis Settings
  4. Parallel Compilation
  5. Analysis & Synthesis Source Files Read
  6. Analysis & Synthesis Resource Usage Summary
  7. Analysis & Synthesis Resource Utilization by Entity
  8. General Register Statistics
  9. Parameter Settings for User Entity Instance: Top-level Entity: |pwm_controller
 10. Parameter Settings for User Entity Instance: up_down_counter:counter
 11. Parameter Settings for User Entity Instance: twobyonemux:output_mux
 12. Port Connectivity Checks: "twobyonemux:output_mux"
 13. Port Connectivity Checks: "up_down_counter:counter"
 14. Post-Synthesis Netlist Statistics for Top Partition
 15. Elapsed Time Per Partition
 16. Analysis & Synthesis Messages
 17. Analysis & Synthesis Suppressed Messages



----------------
; Legal Notice ;
----------------
Copyright (C) 2020  Intel Corporation. All rights reserved.
Your use of Intel Corporation's design tools, logic functions 
and other software and tools, and any partner logic 
functions, and any output files from any of the foregoing 
(including device programming or simulation files), and any 
associated documentation or information are expressly subject 
to the terms and conditions of the Intel Program License 
Subscription Agreement, the Intel Quartus Prime License Agreement,
the Intel FPGA IP License Agreement, or other applicable license
agreement, including, without limitation, that your use is for
the sole purpose of programming logic devices manufactured by
Intel and sold by Intel or its authorized distributors.  Please
refer to the applicable agreement for further details, at
https://fpgasoftware.intel.com/eula.



+-------------------------------------------------------------------------------+
; Analysis & Synthesis Summary                                                  ;
+---------------------------------+---------------------------------------------+
; Analysis & Synthesis Status     ; Successful - Mon Dec 23 15:40:14 2024       ;
; Quartus Prime Version           ; 20.1.1 Build 720 11/11/2020 SJ Lite Edition ;
; Revision Name                   ; pwm_controller                              ;
; Top-level Entity Name           ; pwm_controller                              ;
; Family                          ; Cyclone V                                   ;
; Logic utilization (in ALMs)     ; N/A                                         ;
; Total registers                 ; 18                                          ;
; Total pins                      ; 12                                          ;
; Total virtual pins              ; 0                                           ;
; Total block memory bits         ; 0                                           ;
; Total DSP Blocks                ; 0                                           ;
; Total HSSI RX PCSs              ; 0                                           ;
; Total HSSI PMA RX Deserializers ; 0                                           ;
; Total HSSI TX PCSs              ; 0                                           ;
; Total HSSI PMA TX Serializers   ; 0                                           ;
; Total PLLs                      ; 0                                           ;
; Total DLLs                      ; 0                                           ;
+---------------------------------+---------------------------------------------+


+---------------------------------------------------------------------------------------------------------------------------+
; Analysis & Synthesis Settings                                                                                             ;
+---------------------------------------------------------------------------------+--------------------+--------------------+
; Option                                                                          ; Setting            ; Default Value      ;
+---------------------------------------------------------------------------------+--------------------+--------------------+
; Device                                                                          ; 5CSEBA6U23I7S      ;                    ;
; Top-level entity name                                                           ; pwm_controller     ; pwm_controller     ;
; Family name                                                                     ; Cyclone V          ; Cyclone V          ;
; Use smart compilation                                                           ; Off                ; Off                ;
; Enable parallel Assembler and Timing Analyzer during compilation                ; On                 ; On                 ;
; Enable compact report table                                                     ; Off                ; Off                ;
; Restructure Multiplexers                                                        ; Auto               ; Auto               ;
; MLAB Add Timing Constraints For Mixed-Port Feed-Through Mode Setting Don't Care ; Off                ; Off                ;
; Create Debugging Nodes for IP Cores                                             ; Off                ; Off                ;
; Preserve fewer node names                                                       ; On                 ; On                 ;
; Intel FPGA IP Evaluation Mode                                                   ; Enable             ; Enable             ;
; Verilog Version                                                                 ; Verilog_2001       ; Verilog_2001       ;
; VHDL Version                                                                    ; VHDL_1993          ; VHDL_1993          ;
; State Machine Processing                                                        ; Auto               ; Auto               ;
; Safe State Machine                                                              ; Off                ; Off                ;
; Extract Verilog State Machines                                                  ; On                 ; On                 ;
; Extract VHDL State Machines                                                     ; On                 ; On                 ;
; Ignore Verilog initial constructs                                               ; Off                ; Off                ;
; Iteration limit for constant Verilog loops                                      ; 5000               ; 5000               ;
; Iteration limit for non-constant Verilog loops                                  ; 250                ; 250                ;
; Add Pass-Through Logic to Inferred RAMs                                         ; On                 ; On                 ;
; Infer RAMs from Raw Logic                                                       ; On                 ; On                 ;
; Parallel Synthesis                                                              ; On                 ; On                 ;
; DSP Block Balancing                                                             ; Auto               ; Auto               ;
; NOT Gate Push-Back                                                              ; On                 ; On                 ;
; Power-Up Don't Care                                                             ; On                 ; On                 ;
; Remove Redundant Logic Cells                                                    ; Off                ; Off                ;
; Remove Duplicate Registers                                                      ; On                 ; On                 ;
; Ignore CARRY Buffers                                                            ; Off                ; Off                ;
; Ignore CASCADE Buffers                                                          ; Off                ; Off                ;
; Ignore GLOBAL Buffers                                                           ; Off                ; Off                ;
; Ignore ROW GLOBAL Buffers                                                       ; Off                ; Off                ;
; Ignore LCELL Buffers                                                            ; Off                ; Off                ;
; Ignore SOFT Buffers                                                             ; On                 ; On                 ;
; Limit AHDL Integers to 32 Bits                                                  ; Off                ; Off                ;
; Optimization Technique                                                          ; Balanced           ; Balanced           ;
; Carry Chain Length                                                              ; 70                 ; 70                 ;
; Auto Carry Chains                                                               ; On                 ; On                 ;
; Auto Open-Drain Pins                                                            ; On                 ; On                 ;
; Perform WYSIWYG Primitive Resynthesis                                           ; Off                ; Off                ;
; Auto ROM Replacement                                                            ; On                 ; On                 ;
; Auto RAM Replacement                                                            ; On                 ; On                 ;
; Auto DSP Block Replacement                                                      ; On                 ; On                 ;
; Auto Shift Register Replacement                                                 ; Auto               ; Auto               ;
; Allow Shift Register Merging across Hierarchies                                 ; Auto               ; Auto               ;
; Auto Clock Enable Replacement                                                   ; On                 ; On                 ;
; Strict RAM Replacement                                                          ; Off                ; Off                ;
; Allow Synchronous Control Signals                                               ; On                 ; On                 ;
; Force Use of Synchronous Clear Signals                                          ; Off                ; Off                ;
; Auto Resource Sharing                                                           ; Off                ; Off                ;
; Allow Any RAM Size For Recognition                                              ; Off                ; Off                ;
; Allow Any ROM Size For Recognition                                              ; Off                ; Off                ;
; Allow Any Shift Register Size For Recognition                                   ; Off                ; Off                ;
; Use LogicLock Constraints during Resource Balancing                             ; On                 ; On                 ;
; Ignore translate_off and synthesis_off directives                               ; Off                ; Off                ;
; Timing-Driven Synthesis                                                         ; On                 ; On                 ;
; Report Parameter Settings                                                       ; On                 ; On                 ;
; Report Source Assignments                                                       ; On                 ; On                 ;
; Report Connectivity Checks                                                      ; On                 ; On                 ;
; Ignore Maximum Fan-Out Assignments                                              ; Off                ; Off                ;
; Synchronization Register Chain Length                                           ; 3                  ; 3                  ;
; Power Optimization During Synthesis                                             ; Normal compilation ; Normal compilation ;
; HDL message level                                                               ; Level2             ; Level2             ;
; Suppress Register Optimization Related Messages                                 ; Off                ; Off                ;
; Number of Removed Registers Reported in Synthesis Report                        ; 5000               ; 5000               ;
; Number of Swept Nodes Reported in Synthesis Report                              ; 5000               ; 5000               ;
; Number of Inverted Registers Reported in Synthesis Report                       ; 100                ; 100                ;
; Clock MUX Protection                                                            ; On                 ; On                 ;
; Auto Gated Clock Conversion                                                     ; Off                ; Off                ;
; Block Design Naming                                                             ; Auto               ; Auto               ;
; SDC constraint protection                                                       ; Off                ; Off                ;
; Synthesis Effort                                                                ; Auto               ; Auto               ;
; Shift Register Replacement - Allow Asynchronous Clear Signal                    ; On                 ; On                 ;
; Pre-Mapping Resynthesis Optimization                                            ; Off                ; Off                ;
; Analysis & Synthesis Message Level                                              ; Medium             ; Medium             ;
; Disable Register Merging Across Hierarchies                                     ; Auto               ; Auto               ;
; Resource Aware Inference For Block RAM                                          ; On                 ; On                 ;
; Automatic Parallel Synthesis                                                    ; On                 ; On                 ;
; Partial Reconfiguration Bitstream ID                                            ; Off                ; Off                ;
+---------------------------------------------------------------------------------+--------------------+--------------------+


+------------------------------------------+
; Parallel Compilation                     ;
+----------------------------+-------------+
; Processors                 ; Number      ;
+----------------------------+-------------+
; Number detected on machine ; 12          ;
; Maximum allowed            ; 8           ;
;                            ;             ;
; Average used               ; 1.00        ;
; Maximum used               ; 8           ;
;                            ;             ;
; Usage by Processor         ; % Time Used ;
;     Processor 1            ; 100.0%      ;
;     Processors 2-8         ;   0.0%      ;
+----------------------------+-------------+


+------------------------------------------------------------------------------------------------------------------------------------------------------------+
; Analysis & Synthesis Source Files Read                                                                                                                     ;
+----------------------------------+-----------------+------------------------+--------------------------------------------------------------------+---------+
; File Name with User-Entered Path ; Used in Netlist ; File Type              ; File Name with Absolute Path                                       ; Library ;
+----------------------------------+-----------------+------------------------+--------------------------------------------------------------------+---------+
; pwm_controller.v                 ; yes             ; User Verilog HDL File  ; C:/Users/steve/git_repos/personal/pwm_controller/pwm_controller.v  ;         ;
; twobyonemux.v                    ; yes             ; User Verilog HDL File  ; C:/Users/steve/git_repos/personal/pwm_controller/twobyonemux.v     ;         ;
; up_down_counter.v                ; yes             ; User Verilog HDL File  ; C:/Users/steve/git_repos/personal/pwm_controller/up_down_counter.v ;         ;
+----------------------------------+-----------------+------------------------+--------------------------------------------------------------------+---------+


+-------------------------------------------------------------+
; Analysis & Synthesis Resource Usage Summary                 ;
+---------------------------------------------+---------------+
; Resource                                    ; Usage         ;
+---------------------------------------------+---------------+
; Estimate of Logic utilization (ALMs needed) ; 23            ;
;                                             ;               ;
; Combinational ALUT usage for logic          ; 40            ;
;     -- 7 input functions                    ; 0             ;
;     -- 6 input functions                    ; 3             ;
;     -- 5 input functions                    ; 0             ;
;     -- 4 input functions                    ; 17            ;
;     -- <=3 input functions                  ; 20            ;
;                                             ;               ;
; Dedicated logic registers                   ; 18            ;
;                                             ;               ;
; I/O pins                                    ; 12            ;
;                                             ;               ;
; Total DSP Blocks                            ; 0             ;
;                                             ;               ;
; Maximum fan-out node                        ; in_nres~input ;
; Maximum fan-out                             ; 27            ;
; Total fan-out                               ; 207           ;
; Average fan-out                             ; 2.52          ;
+---------------------------------------------+---------------+


+------------------------------------------------------------------------------------------------------------------------------------------------------------------------------------------------------------------+
; Analysis & Synthesis Resource Utilization by Entity                                                                                                                                                              ;
+------------------------------+---------------------+---------------------------+-------------------+------------+------+--------------+-----------------------------------------+-----------------+--------------+
; Compilation Hierarchy Node   ; Combinational ALUTs ; Dedicated Logic Registers ; Block Memory Bits ; DSP Blocks ; Pins ; Virtual Pins ; Full Hierarchy Name                     ; Entity Name     ; Library Name ;
+------------------------------+---------------------+---------------------------+-------------------+------------+------+--------------+-----------------------------------------+-----------------+--------------+
; |pwm_controller              ; 40 (1)              ; 18 (1)                    ; 0                 ; 0          ; 12   ; 0            ; |pwm_controller                         ; pwm_controller  ; work         ;
;    |up_down_counter:counter| ; 39 (39)             ; 17 (17)                   ; 0                 ; 0          ; 0    ; 0            ; |pwm_controller|up_down_counter:counter ; up_down_counter ; work         ;
+------------------------------+---------------------+---------------------------+-------------------+------------+------+--------------+-----------------------------------------+-----------------+--------------+
Note: For table entries with two numbers listed, the numbers in parentheses indicate the number of resources of the given type used by the specific entity alone. The numbers listed outside of parentheses indicate the total resources of the given type used by the specific entity and all of its sub-entities in the hierarchy.


+------------------------------------------------------+
; General Register Statistics                          ;
+----------------------------------------------+-------+
; Statistic                                    ; Value ;
+----------------------------------------------+-------+
; Total registers                              ; 18    ;
; Number of registers using Synchronous Clear  ; 0     ;
; Number of registers using Synchronous Load   ; 0     ;
; Number of registers using Asynchronous Clear ; 9     ;
; Number of registers using Asynchronous Load  ; 0     ;
; Number of registers using Clock Enable       ; 16    ;
; Number of registers using Preset             ; 0     ;
+----------------------------------------------+-------+


+--------------------------------------------------------------------------------+
; Parameter Settings for User Entity Instance: Top-level Entity: |pwm_controller ;
+----------------+-------+-------------------------------------------------------+
; Parameter Name ; Value ; Type                                                  ;
+----------------+-------+-------------------------------------------------------+
; n              ; 8     ; Signed Integer                                        ;
+----------------+-------+-------------------------------------------------------+
Note: In order to hide this table in the UI and the text report file, please set the "Show Parameter Settings in Synthesis Report" option in "Analysis and Synthesis Settings -> More Settings" to "Off".


+----------------------------------------------------------------------+
; Parameter Settings for User Entity Instance: up_down_counter:counter ;
+----------------+-------+---------------------------------------------+
; Parameter Name ; Value ; Type                                        ;
+----------------+-------+---------------------------------------------+
; n              ; 8     ; Signed Integer                              ;
+----------------+-------+---------------------------------------------+
Note: In order to hide this table in the UI and the text report file, please set the "Show Parameter Settings in Synthesis Report" option in "Analysis and Synthesis Settings -> More Settings" to "Off".


+---------------------------------------------------------------------+
; Parameter Settings for User Entity Instance: twobyonemux:output_mux ;
+----------------+-------+--------------------------------------------+
; Parameter Name ; Value ; Type                                       ;
+----------------+-------+--------------------------------------------+
; n              ; 8     ; Signed Integer                             ;
+----------------+-------+--------------------------------------------+
Note: In order to hide this table in the UI and the text report file, please set the "Show Parameter Settings in Synthesis Report" option in "Analysis and Synthesis Settings -> More Settings" to "Off".


+----------------------------------------------------------------------------------------------------------------------------------------------------------------------------------------------------------------------------+
; Port Connectivity Checks: "twobyonemux:output_mux"                                                                                                                                                                         ;
+-------------------+--------+----------+------------------------------------------------------------------------------------------------------------------------------------------------------------------------------------+
; Port              ; Type   ; Severity ; Details                                                                                                                                                                            ;
+-------------------+--------+----------+------------------------------------------------------------------------------------------------------------------------------------------------------------------------------------+
; in_inputone       ; Input  ; Warning  ; Input port expression (32 bits) is wider than the input port (8 bits) it drives.  The 24 most-significant bit(s) in the expression will be dangling if they have no other fanouts. ;
; in_inputone[7..1] ; Input  ; Info     ; Stuck at GND                                                                                                                                                                       ;
; in_inputone[0]    ; Input  ; Info     ; Stuck at VCC                                                                                                                                                                       ;
; in_inputtwo       ; Input  ; Warning  ; Input port expression (32 bits) is wider than the input port (8 bits) it drives.  The 24 most-significant bit(s) in the expression will be dangling if they have no other fanouts. ;
; in_inputtwo[7..0] ; Input  ; Info     ; Stuck at GND                                                                                                                                                                       ;
; out_output        ; Output ; Warning  ; Output or bidir port (8 bits) is wider than the port expression (1 bits) it drives; bit(s) "out_output[7..1]" have no fanouts                                                      ;
+-------------------+--------+----------+------------------------------------------------------------------------------------------------------------------------------------------------------------------------------------+


+---------------------------------------------------------------------------------------------------------------------------------------------------------------------------------------------------------------------------------+
; Port Connectivity Checks: "up_down_counter:counter"                                                                                                                                                                             ;
+------------------------+--------+----------+------------------------------------------------------------------------------------------------------------------------------------------------------------------------------------+
; Port                   ; Type   ; Severity ; Details                                                                                                                                                                            ;
+------------------------+--------+----------+------------------------------------------------------------------------------------------------------------------------------------------------------------------------------------+
; in_count_direction     ; Input  ; Warning  ; Input port expression (32 bits) is wider than the input port (1 bits) it drives.  The 31 most-significant bit(s) in the expression will be dangling if they have no other fanouts. ;
; in_count_direction[-1] ; Input  ; Info     ; Stuck at GND                                                                                                                                                                       ;
; out_output             ; Output ; Warning  ; Declared by entity but not connected by instance. Logic that only feeds a dangling port will be removed.                                                                           ;
+------------------------+--------+----------+------------------------------------------------------------------------------------------------------------------------------------------------------------------------------------+


+-----------------------------------------------------+
; Post-Synthesis Netlist Statistics for Top Partition ;
+-----------------------+-----------------------------+
; Type                  ; Count                       ;
+-----------------------+-----------------------------+
; arriav_ff             ; 18                          ;
;     CLR               ; 1                           ;
;     ENA               ; 8                           ;
;     ENA CLR           ; 8                           ;
;     plain             ; 1                           ;
; arriav_lcell_comb     ; 41                          ;
;     arith             ; 8                           ;
;         1 data inputs ; 8                           ;
;     normal            ; 33                          ;
;         1 data inputs ; 1                           ;
;         2 data inputs ; 4                           ;
;         3 data inputs ; 8                           ;
;         4 data inputs ; 17                          ;
;         6 data inputs ; 3                           ;
; boundary_port         ; 12                          ;
;                       ;                             ;
; Max LUT depth         ; 4.40                        ;
; Average LUT depth     ; 3.17                        ;
+-----------------------+-----------------------------+


+-------------------------------+
; Elapsed Time Per Partition    ;
+----------------+--------------+
; Partition Name ; Elapsed Time ;
+----------------+--------------+
; Top            ; 00:00:00     ;
+----------------+--------------+


+-------------------------------+
; Analysis & Synthesis Messages ;
+-------------------------------+
Info: *******************************************************************
Info: Running Quartus Prime Analysis & Synthesis
    Info: Version 20.1.1 Build 720 11/11/2020 SJ Lite Edition
    Info: Processing started: Mon Dec 23 15:40:07 2024
Info: Command: quartus_map --read_settings_files=on --write_settings_files=off pwm_controller -c pwm_controller
Warning (18236): Number of processors has not been specified which may cause overloading on shared machines.  Set the global assignment NUM_PARALLEL_PROCESSORS in your QSF to an appropriate value for best performance.
Info (20030): Parallel compilation is enabled and will use 8 of the 8 processors detected
Info (12021): Found 1 design units, including 1 entities, in source file pwm_controller.v
    Info (12023): Found entity 1: pwm_controller File: C:/Users/steve/git_repos/personal/pwm_controller/pwm_controller.v Line: 13
Info (12021): Found 1 design units, including 1 entities, in source file n_bit_register.v
    Info (12023): Found entity 1: n_bit_register File: C:/Users/steve/git_repos/personal/pwm_controller/n_bit_register.v Line: 10
Info (12021): Found 1 design units, including 1 entities, in source file n_bit_counter.v
    Info (12023): Found entity 1: n_bit_counter File: C:/Users/steve/git_repos/personal/pwm_controller/n_bit_counter.v Line: 10
Info (12021): Found 1 design units, including 1 entities, in source file twobyonemux.v
    Info (12023): Found entity 1: twobyonemux File: C:/Users/steve/git_repos/personal/pwm_controller/twobyonemux.v Line: 10
Info (12021): Found 1 design units, including 1 entities, in source file up_down_counter.v
    Info (12023): Found entity 1: up_down_counter File: C:/Users/steve/git_repos/personal/pwm_controller/up_down_counter.v Line: 10
Info (12127): Elaborating entity "pwm_controller" for the top level hierarchy
Info (12128): Elaborating entity "up_down_counter" for hierarchy "up_down_counter:counter" File: C:/Users/steve/git_repos/personal/pwm_controller/pwm_controller.v Line: 39
Warning (10230): Verilog HDL assignment warning at up_down_counter.v(65): truncated value with size 32 to match size of target (8) File: C:/Users/steve/git_repos/personal/pwm_controller/up_down_counter.v Line: 65
Warning (10230): Verilog HDL assignment warning at up_down_counter.v(86): truncated value with size 32 to match size of target (8) File: C:/Users/steve/git_repos/personal/pwm_controller/up_down_counter.v Line: 86
Info (12128): Elaborating entity "twobyonemux" for hierarchy "twobyonemux:output_mux" File: C:/Users/steve/git_repos/personal/pwm_controller/pwm_controller.v Line: 49
Warning (10240): Verilog HDL Always Construct warning at twobyonemux.v(21): inferring latch(es) for variable "out_output", which holds its previous value in one or more paths through the always construct File: C:/Users/steve/git_repos/personal/pwm_controller/twobyonemux.v Line: 21
Info (10041): Inferred latch for "out_output[0]" at twobyonemux.v(25) File: C:/Users/steve/git_repos/personal/pwm_controller/twobyonemux.v Line: 25
Info (10041): Inferred latch for "out_output[1]" at twobyonemux.v(25) File: C:/Users/steve/git_repos/personal/pwm_controller/twobyonemux.v Line: 25
Info (10041): Inferred latch for "out_output[2]" at twobyonemux.v(25) File: C:/Users/steve/git_repos/personal/pwm_controller/twobyonemux.v Line: 25
Info (10041): Inferred latch for "out_output[3]" at twobyonemux.v(25) File: C:/Users/steve/git_repos/personal/pwm_controller/twobyonemux.v Line: 25
Info (10041): Inferred latch for "out_output[4]" at twobyonemux.v(25) File: C:/Users/steve/git_repos/personal/pwm_controller/twobyonemux.v Line: 25
Info (10041): Inferred latch for "out_output[5]" at twobyonemux.v(25) File: C:/Users/steve/git_repos/personal/pwm_controller/twobyonemux.v Line: 25
Info (10041): Inferred latch for "out_output[6]" at twobyonemux.v(25) File: C:/Users/steve/git_repos/personal/pwm_controller/twobyonemux.v Line: 25
Info (10041): Inferred latch for "out_output[7]" at twobyonemux.v(25) File: C:/Users/steve/git_repos/personal/pwm_controller/twobyonemux.v Line: 25
Info (13014): Ignored 1 buffer(s)
    Info (13019): Ignored 1 SOFT buffer(s)
Warning (12241): 2 hierarchies have connectivity warnings - see the Connectivity Checks report folder
Warning (13004): Presettable and clearable registers converted to equivalent circuits with latches. Registers power-up to an undefined state, and DEVCLRn places the registers in an undefined state.
    Warning (13310): Register "up_down_counter:counter|reg_count_value[1]" is converted into an equivalent circuit using register "up_down_counter:counter|reg_count_value[1]~_emulated" and latch "up_down_counter:counter|reg_count_value[1]~1" File: C:/Users/steve/git_repos/personal/pwm_controller/up_down_counter.v Line: 43
    Warning (13310): Register "up_down_counter:counter|reg_count_value[2]" is converted into an equivalent circuit using register "up_down_counter:counter|reg_count_value[2]~_emulated" and latch "up_down_counter:counter|reg_count_value[2]~5" File: C:/Users/steve/git_repos/personal/pwm_controller/up_down_counter.v Line: 43
    Warning (13310): Register "up_down_counter:counter|reg_count_value[3]" is converted into an equivalent circuit using register "up_down_counter:counter|reg_count_value[3]~_emulated" and latch "up_down_counter:counter|reg_count_value[3]~9" File: C:/Users/steve/git_repos/personal/pwm_controller/up_down_counter.v Line: 43
    Warning (13310): Register "up_down_counter:counter|reg_count_value[4]" is converted into an equivalent circuit using register "up_down_counter:counter|reg_count_value[4]~_emulated" and latch "up_down_counter:counter|reg_count_value[4]~13" File: C:/Users/steve/git_repos/personal/pwm_controller/up_down_counter.v Line: 43
    Warning (13310): Register "up_down_counter:counter|reg_count_value[5]" is converted into an equivalent circuit using register "up_down_counter:counter|reg_count_value[5]~_emulated" and latch "up_down_counter:counter|reg_count_value[5]~17" File: C:/Users/steve/git_repos/personal/pwm_controller/up_down_counter.v Line: 43
    Warning (13310): Register "up_down_counter:counter|reg_count_value[6]" is converted into an equivalent circuit using register "up_down_counter:counter|reg_count_value[6]~_emulated" and latch "up_down_counter:counter|reg_count_value[6]~21" File: C:/Users/steve/git_repos/personal/pwm_controller/up_down_counter.v Line: 43
    Warning (13310): Register "up_down_counter:counter|reg_count_value[7]" is converted into an equivalent circuit using register "up_down_counter:counter|reg_count_value[7]~_emulated" and latch "up_down_counter:counter|reg_count_value[7]~25" File: C:/Users/steve/git_repos/personal/pwm_controller/up_down_counter.v Line: 43
    Warning (13310): Register "up_down_counter:counter|reg_count_value[0]" is converted into an equivalent circuit using register "up_down_counter:counter|reg_count_value[0]~_emulated" and latch "up_down_counter:counter|reg_count_value[0]~29" File: C:/Users/steve/git_repos/personal/pwm_controller/up_down_counter.v Line: 43
Info (286030): Timing-Driven Synthesis is running
Info (144001): Generated suppressed messages file C:/Users/steve/git_repos/personal/pwm_controller/output_files/pwm_controller.map.smsg
Info (16010): Generating hard_block partition "hard_block:auto_generated_inst"
    Info (16011): Adding 0 node(s), including 0 DDIO, 0 PLL, 0 transceiver and 0 LCELL
Info (21057): Implemented 60 device resources after synthesis - the final resource count might be different
    Info (21058): Implemented 11 input pins
    Info (21059): Implemented 1 output pins
    Info (21061): Implemented 48 logic cells
Info: Quartus Prime Analysis & Synthesis was successful. 0 errors, 14 warnings
    Info: Peak virtual memory: 4866 megabytes
    Info: Processing ended: Mon Dec 23 15:40:14 2024
    Info: Elapsed time: 00:00:07
    Info: Total CPU time (on all processors): 00:00:04


+------------------------------------------+
; Analysis & Synthesis Suppressed Messages ;
+------------------------------------------+
The suppressed messages can be found in C:/Users/steve/git_repos/personal/pwm_controller/output_files/pwm_controller.map.smsg.


